<?xml version="1.0" encoding="UTF-8" ?>
<testsuite errors="0" failures="0" hostname="ws-183-113.han.nl" name="amdahl.AmdahlTests" tests="6" time="0.037" timestamp="2011-09-07T11:27:00">
  <properties>
[...]
</properties>
  <testcase classname="amdahl.AmdahlTests" name="testAmdahlSpeedupFactorWithPositiveNumberOfCPU" time="0.0040" />
  <testcase classname="amdahl.AmdahlTests" name="testAmdahlSpeedupFactorWithNegativeNumberOfCPU" time="0.0" />
  <testcase classname="amdahl.AmdahlTests" name="testAmdahlSpeedupFactorZeroNumberOfCPU" time="0.0" />
  <testcase classname="amdahl.AmdahlTests" name="testAmdahlEfficiencyFactorWithPositiveNumberOfCPU" time="0.0" />
  <testcase classname="amdahl.AmdahlTests" name="testAmdahlEfficiencyFactorWithNegativeNumberOfCPU" time="0.0" />
  <testcase classname="amdahl.AmdahlTests" name="testAmdahlEfficiencyFactorWithZeroNumberOfCPU" time="0.0" />
  <system-out><![CDATA[]]></system-out>
  <system-err><![CDATA[]]></system-err>
</testsuite>
