<?xml version="1.0" encoding="UTF-8" ?>
<testsuites>
  <testsuite errors="0" failures="0" hostname="mdiepenbroek.local" id="0" name="AmdahlTests" package="amdahl" tests="6" time="0.064" timestamp="2011-09-05T20:55:32">
      <properties>
[...]
</properties>

      <testcase classname="amdahl.AmdahlTests" name="testAmdahlSpeedupFactorWithPositiveNumberOfCPU" time="0.0050" />

      <testcase classname="amdahl.AmdahlTests" name="testAmdahlSpeedupFactorWithNegativeNumberOfCPU" time="0.0" />

      <testcase classname="amdahl.AmdahlTests" name="testAmdahlSpeedupFactorWithZeroNumberOfCPU" time="0.0" />

      <testcase classname="amdahl.AmdahlTests" name="testAmdahlEfficiencyFactorWithPositiveNumberOfCPU" time="0.0" />

      <testcase classname="amdahl.AmdahlTests" name="testAmdahlEfficiencyFactorWithNegativeNumberOfCPU" time="0.0" />

      <testcase classname="amdahl.AmdahlTests" name="testAmdahlEfficiencyFactorWithZeroNumberOfCPU" time="0.0" />

      <system-out><![CDATA[]]></system-out>

      <system-err><![CDATA[]]></system-err>

  </testsuite>
</testsuites>
